2025-03-19 12:09:36,469 ERROR frappe New Exception collected in error log
Site: development.localhost
Form Dict: {'data_import_name': 'Student Import on 2025-03-19 04:40:16.025304', 'cmd': 'frappe.core.doctype.data_import.data_import.get_import_status'}
2025-03-19 12:38:58,508 ERROR frappe New Exception collected in error log
Site: development.localhost
Form Dict: {'data_import_name': 'Student Import on 2025-03-19 04:40:16.025304', 'cmd': 'frappe.core.doctype.data_import.data_import.get_import_status'}
2025-03-19 20:00:33,199 ERROR frappe New Exception collected in error log
Site: development.localhost
Form Dict: {'txt': '', 'doctype': 'DocType', 'reference_doctype': '', 'page_length': '10', 'filters': '{"istable":0}'}
2025-03-19 20:00:33,203 ERROR frappe New Exception collected in error log
Site: development.localhost
Form Dict: {'txt': 'att', 'doctype': 'DocType', 'reference_doctype': '', 'page_length': '10', 'filters': '{"istable":0}'}
2025-03-24 21:52:17,580 ERROR frappe Could not take error snapshot: No module named 'education'
Site: development.localhost
Form Dict: {}
Traceback (most recent call last):
  File "/workspace/development/frappe-bench/apps/frappe/frappe/utils/caching.py", line 57, in wrapper
    return frappe.local.request_cache[func][args_key]
           ~~~~~~~~~~~~~~~~~~~~~~~~~~~~~~~~^^^^^^^^^^
KeyError: 5740354900026072187

During handling of the above exception, another exception occurred:

Traceback (most recent call last):
  File "/workspace/development/frappe-bench/apps/frappe/frappe/app.py", line 99, in application
    init_request(request)
  File "/workspace/development/frappe-bench/apps/frappe/frappe/app.py", line 197, in init_request
    for before_request_task in frappe.get_hooks("before_request"):
                               ^^^^^^^^^^^^^^^^^^^^^^^^^^^^^^^^^^
  File "/workspace/development/frappe-bench/apps/frappe/frappe/__init__.py", line 1599, in get_hooks
    hooks = _dict(_load_app_hooks())
                  ^^^^^^^^^^^^^^^^^
  File "/workspace/development/frappe-bench/apps/frappe/frappe/utils/caching.py", line 59, in wrapper
    return_val = func(*args, **kwargs)
                 ^^^^^^^^^^^^^^^^^^^^^
  File "/workspace/development/frappe-bench/apps/frappe/frappe/__init__.py", line 1568, in _load_app_hooks
    app_hooks = get_module(f"{app}.hooks")
                ^^^^^^^^^^^^^^^^^^^^^^^^^^
  File "/workspace/development/frappe-bench/apps/frappe/frappe/__init__.py", line 1434, in get_module
    return importlib.import_module(modulename)
           ^^^^^^^^^^^^^^^^^^^^^^^^^^^^^^^^^^^
  File "/home/frappe/.pyenv/versions/3.11.6/lib/python3.11/importlib/__init__.py", line 126, in import_module
    return _bootstrap._gcd_import(name[level:], package, level)
           ^^^^^^^^^^^^^^^^^^^^^^^^^^^^^^^^^^^^^^^^^^^^^^^^^^^^
  File "<frozen importlib._bootstrap>", line 1204, in _gcd_import
  File "<frozen importlib._bootstrap>", line 1176, in _find_and_load
  File "<frozen importlib._bootstrap>", line 1126, in _find_and_load_unlocked
  File "<frozen importlib._bootstrap>", line 241, in _call_with_frames_removed
  File "<frozen importlib._bootstrap>", line 1204, in _gcd_import
  File "<frozen importlib._bootstrap>", line 1176, in _find_and_load
  File "<frozen importlib._bootstrap>", line 1140, in _find_and_load_unlocked
ModuleNotFoundError: No module named 'education'

During handling of the above exception, another exception occurred:

Traceback (most recent call last):
  File "/workspace/development/frappe-bench/apps/frappe/frappe/utils/caching.py", line 57, in wrapper
    return frappe.local.request_cache[func][args_key]
           ~~~~~~~~~~~~~~~~~~~~~~~~~~~~~~~~^^^^^^^^^^
KeyError: 5740354900026072187

During handling of the above exception, another exception occurred:

Traceback (most recent call last):
  File "/workspace/development/frappe-bench/apps/frappe/frappe/utils/error.py", line 86, in log_error_snapshot
    log_error(title=str(exception), defer_insert=True)
  File "/workspace/development/frappe-bench/apps/frappe/frappe/utils/error.py", line 61, in log_error
    error_log = frappe.get_doc(
                ^^^^^^^^^^^^^^^
  File "/workspace/development/frappe-bench/apps/frappe/frappe/__init__.py", line 1291, in get_doc
    doc = frappe.model.document.get_doc(*args, **kwargs)
          ^^^^^^^^^^^^^^^^^^^^^^^^^^^^^^^^^^^^^^^^^^^^^^
  File "/workspace/development/frappe-bench/apps/frappe/frappe/model/document.py", line 83, in get_doc
    controller = get_controller(doctype)
                 ^^^^^^^^^^^^^^^^^^^^^^^
  File "/workspace/development/frappe-bench/apps/frappe/frappe/model/base_document.py", line 67, in get_controller
    return import_controller(doctype)
           ^^^^^^^^^^^^^^^^^^^^^^^^^^
  File "/workspace/development/frappe-bench/apps/frappe/frappe/model/base_document.py", line 89, in import_controller
    class_overrides = frappe.get_hooks("override_doctype_class")
                      ^^^^^^^^^^^^^^^^^^^^^^^^^^^^^^^^^^^^^^^^^^
  File "/workspace/development/frappe-bench/apps/frappe/frappe/__init__.py", line 1599, in get_hooks
    hooks = _dict(_load_app_hooks())
                  ^^^^^^^^^^^^^^^^^
  File "/workspace/development/frappe-bench/apps/frappe/frappe/utils/caching.py", line 59, in wrapper
    return_val = func(*args, **kwargs)
                 ^^^^^^^^^^^^^^^^^^^^^
  File "/workspace/development/frappe-bench/apps/frappe/frappe/__init__.py", line 1568, in _load_app_hooks
    app_hooks = get_module(f"{app}.hooks")
                ^^^^^^^^^^^^^^^^^^^^^^^^^^
  File "/workspace/development/frappe-bench/apps/frappe/frappe/__init__.py", line 1434, in get_module
    return importlib.import_module(modulename)
           ^^^^^^^^^^^^^^^^^^^^^^^^^^^^^^^^^^^
  File "/home/frappe/.pyenv/versions/3.11.6/lib/python3.11/importlib/__init__.py", line 126, in import_module
    return _bootstrap._gcd_import(name[level:], package, level)
           ^^^^^^^^^^^^^^^^^^^^^^^^^^^^^^^^^^^^^^^^^^^^^^^^^^^^
  File "<frozen importlib._bootstrap>", line 1204, in _gcd_import
  File "<frozen importlib._bootstrap>", line 1176, in _find_and_load
  File "<frozen importlib._bootstrap>", line 1126, in _find_and_load_unlocked
  File "<frozen importlib._bootstrap>", line 241, in _call_with_frames_removed
  File "<frozen importlib._bootstrap>", line 1204, in _gcd_import
  File "<frozen importlib._bootstrap>", line 1176, in _find_and_load
  File "<frozen importlib._bootstrap>", line 1140, in _find_and_load_unlocked
ModuleNotFoundError: No module named 'education'
2025-03-24 21:52:17,603 ERROR frappe Failed to run after request hook
Site: development.localhost
Form Dict: {}
Traceback (most recent call last):
  File "/workspace/development/frappe-bench/apps/frappe/frappe/utils/caching.py", line 57, in wrapper
    return frappe.local.request_cache[func][args_key]
           ~~~~~~~~~~~~~~~~~~~~~~~~~~~~~~~~^^^^^^^^^^
KeyError: 5740354900026072187

During handling of the above exception, another exception occurred:

Traceback (most recent call last):
  File "/workspace/development/frappe-bench/apps/frappe/frappe/app.py", line 99, in application
    init_request(request)
  File "/workspace/development/frappe-bench/apps/frappe/frappe/app.py", line 197, in init_request
    for before_request_task in frappe.get_hooks("before_request"):
                               ^^^^^^^^^^^^^^^^^^^^^^^^^^^^^^^^^^
  File "/workspace/development/frappe-bench/apps/frappe/frappe/__init__.py", line 1599, in get_hooks
    hooks = _dict(_load_app_hooks())
                  ^^^^^^^^^^^^^^^^^
  File "/workspace/development/frappe-bench/apps/frappe/frappe/utils/caching.py", line 59, in wrapper
    return_val = func(*args, **kwargs)
                 ^^^^^^^^^^^^^^^^^^^^^
  File "/workspace/development/frappe-bench/apps/frappe/frappe/__init__.py", line 1568, in _load_app_hooks
    app_hooks = get_module(f"{app}.hooks")
                ^^^^^^^^^^^^^^^^^^^^^^^^^^
  File "/workspace/development/frappe-bench/apps/frappe/frappe/__init__.py", line 1434, in get_module
    return importlib.import_module(modulename)
           ^^^^^^^^^^^^^^^^^^^^^^^^^^^^^^^^^^^
  File "/home/frappe/.pyenv/versions/3.11.6/lib/python3.11/importlib/__init__.py", line 126, in import_module
    return _bootstrap._gcd_import(name[level:], package, level)
           ^^^^^^^^^^^^^^^^^^^^^^^^^^^^^^^^^^^^^^^^^^^^^^^^^^^^
  File "<frozen importlib._bootstrap>", line 1204, in _gcd_import
  File "<frozen importlib._bootstrap>", line 1176, in _find_and_load
  File "<frozen importlib._bootstrap>", line 1126, in _find_and_load_unlocked
  File "<frozen importlib._bootstrap>", line 241, in _call_with_frames_removed
  File "<frozen importlib._bootstrap>", line 1204, in _gcd_import
  File "<frozen importlib._bootstrap>", line 1176, in _find_and_load
  File "<frozen importlib._bootstrap>", line 1140, in _find_and_load_unlocked
ModuleNotFoundError: No module named 'education'

During handling of the above exception, another exception occurred:

Traceback (most recent call last):
  File "/workspace/development/frappe-bench/apps/frappe/frappe/utils/caching.py", line 57, in wrapper
    return frappe.local.request_cache[func][args_key]
           ~~~~~~~~~~~~~~~~~~~~~~~~~~~~~~~~^^^^^^^^^^
KeyError: 5740354900026072187

During handling of the above exception, another exception occurred:

Traceback (most recent call last):
  File "/workspace/development/frappe-bench/apps/frappe/frappe/website/serve.py", line 19, in get_response
    endpoint, renderer_instance = path_resolver.resolve()
                                  ^^^^^^^^^^^^^^^^^^^^^^^
  File "/workspace/development/frappe-bench/apps/frappe/frappe/website/path_resolver.py", line 38, in resolve
    resolve_redirect(self.path, request.query_string)
  File "/workspace/development/frappe-bench/apps/frappe/frappe/website/path_resolver.py", line 117, in resolve_redirect
    redirects = frappe.get_hooks("website_redirects")
                ^^^^^^^^^^^^^^^^^^^^^^^^^^^^^^^^^^^^^
  File "/workspace/development/frappe-bench/apps/frappe/frappe/__init__.py", line 1599, in get_hooks
    hooks = _dict(_load_app_hooks())
                  ^^^^^^^^^^^^^^^^^
  File "/workspace/development/frappe-bench/apps/frappe/frappe/utils/caching.py", line 59, in wrapper
    return_val = func(*args, **kwargs)
                 ^^^^^^^^^^^^^^^^^^^^^
  File "/workspace/development/frappe-bench/apps/frappe/frappe/__init__.py", line 1568, in _load_app_hooks
    app_hooks = get_module(f"{app}.hooks")
                ^^^^^^^^^^^^^^^^^^^^^^^^^^
  File "/workspace/development/frappe-bench/apps/frappe/frappe/__init__.py", line 1434, in get_module
    return importlib.import_module(modulename)
           ^^^^^^^^^^^^^^^^^^^^^^^^^^^^^^^^^^^
  File "/home/frappe/.pyenv/versions/3.11.6/lib/python3.11/importlib/__init__.py", line 126, in import_module
    return _bootstrap._gcd_import(name[level:], package, level)
           ^^^^^^^^^^^^^^^^^^^^^^^^^^^^^^^^^^^^^^^^^^^^^^^^^^^^
  File "<frozen importlib._bootstrap>", line 1204, in _gcd_import
  File "<frozen importlib._bootstrap>", line 1176, in _find_and_load
  File "<frozen importlib._bootstrap>", line 1126, in _find_and_load_unlocked
  File "<frozen importlib._bootstrap>", line 241, in _call_with_frames_removed
  File "<frozen importlib._bootstrap>", line 1204, in _gcd_import
  File "<frozen importlib._bootstrap>", line 1176, in _find_and_load
  File "<frozen importlib._bootstrap>", line 1140, in _find_and_load_unlocked
ModuleNotFoundError: No module named 'education'

During handling of the above exception, another exception occurred:

Traceback (most recent call last):
  File "/workspace/development/frappe-bench/apps/frappe/frappe/app.py", line 132, in application
    response = handle_exception(e)
               ^^^^^^^^^^^^^^^^^^^
  File "/workspace/development/frappe-bench/apps/frappe/frappe/app.py", line 395, in handle_exception
    response = get_response("message", http_status_code=http_status_code)
               ^^^^^^^^^^^^^^^^^^^^^^^^^^^^^^^^^^^^^^^^^^^^^^^^^^^^^^^^^^
  File "/workspace/development/frappe-bench/apps/frappe/frappe/website/serve.py", line 28, in get_response
    response = ErrorPage(exception=e).render()
               ^^^^^^^^^^^^^^^^^^^^^^
  File "/workspace/development/frappe-bench/apps/frappe/frappe/website/page_renderers/error_page.py", line 7, in __init__
    super().__init__(path=path, http_status_code=http_status_code)
  File "/workspace/development/frappe-bench/apps/frappe/frappe/website/page_renderers/template_page.py", line 45, in __init__
    self.set_template_path()
  File "/workspace/development/frappe-bench/apps/frappe/frappe/website/page_renderers/template_page.py", line 54, in set_template_path
    app_path = frappe.get_app_path(app)
               ^^^^^^^^^^^^^^^^^^^^^^^^
  File "/workspace/development/frappe-bench/apps/frappe/frappe/__init__.py", line 1463, in get_app_path
    return get_pymodule_path(app_name, *joins)
           ^^^^^^^^^^^^^^^^^^^^^^^^^^^^^^^^^^^
  File "/workspace/development/frappe-bench/apps/frappe/frappe/__init__.py", line 1493, in get_pymodule_path
    return abspath(join(dirname(get_module(scrub(modulename)).__file__ or ""), *joins))
                                ^^^^^^^^^^^^^^^^^^^^^^^^^^^^^
  File "/workspace/development/frappe-bench/apps/frappe/frappe/__init__.py", line 1434, in get_module
    return importlib.import_module(modulename)
           ^^^^^^^^^^^^^^^^^^^^^^^^^^^^^^^^^^^
  File "/home/frappe/.pyenv/versions/3.11.6/lib/python3.11/importlib/__init__.py", line 126, in import_module
    return _bootstrap._gcd_import(name[level:], package, level)
           ^^^^^^^^^^^^^^^^^^^^^^^^^^^^^^^^^^^^^^^^^^^^^^^^^^^^
  File "<frozen importlib._bootstrap>", line 1204, in _gcd_import
  File "<frozen importlib._bootstrap>", line 1176, in _find_and_load
  File "<frozen importlib._bootstrap>", line 1140, in _find_and_load_unlocked
ModuleNotFoundError: No module named 'education'

During handling of the above exception, another exception occurred:

Traceback (most recent call last):
  File "/workspace/development/frappe-bench/apps/frappe/frappe/utils/caching.py", line 57, in wrapper
    return frappe.local.request_cache[func][args_key]
           ~~~~~~~~~~~~~~~~~~~~~~~~~~~~~~~~^^^^^^^^^^
KeyError: 5740354900026072187

During handling of the above exception, another exception occurred:

Traceback (most recent call last):
  File "/workspace/development/frappe-bench/apps/frappe/frappe/app.py", line 146, in application
    run_after_request_hooks(request, response)
  File "/workspace/development/frappe-bench/apps/frappe/frappe/app.py", line 161, in run_after_request_hooks
    for after_request_task in frappe.get_hooks("after_request"):
                              ^^^^^^^^^^^^^^^^^^^^^^^^^^^^^^^^^
  File "/workspace/development/frappe-bench/apps/frappe/frappe/__init__.py", line 1599, in get_hooks
    hooks = _dict(_load_app_hooks())
                  ^^^^^^^^^^^^^^^^^
  File "/workspace/development/frappe-bench/apps/frappe/frappe/utils/caching.py", line 59, in wrapper
    return_val = func(*args, **kwargs)
                 ^^^^^^^^^^^^^^^^^^^^^
  File "/workspace/development/frappe-bench/apps/frappe/frappe/__init__.py", line 1568, in _load_app_hooks
    app_hooks = get_module(f"{app}.hooks")
                ^^^^^^^^^^^^^^^^^^^^^^^^^^
  File "/workspace/development/frappe-bench/apps/frappe/frappe/__init__.py", line 1434, in get_module
    return importlib.import_module(modulename)
           ^^^^^^^^^^^^^^^^^^^^^^^^^^^^^^^^^^^
  File "/home/frappe/.pyenv/versions/3.11.6/lib/python3.11/importlib/__init__.py", line 126, in import_module
    return _bootstrap._gcd_import(name[level:], package, level)
           ^^^^^^^^^^^^^^^^^^^^^^^^^^^^^^^^^^^^^^^^^^^^^^^^^^^^
  File "<frozen importlib._bootstrap>", line 1204, in _gcd_import
  File "<frozen importlib._bootstrap>", line 1176, in _find_and_load
  File "<frozen importlib._bootstrap>", line 1126, in _find_and_load_unlocked
  File "<frozen importlib._bootstrap>", line 241, in _call_with_frames_removed
  File "<frozen importlib._bootstrap>", line 1204, in _gcd_import
  File "<frozen importlib._bootstrap>", line 1176, in _find_and_load
  File "<frozen importlib._bootstrap>", line 1140, in _find_and_load_unlocked
ModuleNotFoundError: No module named 'education'
